<?xml version="1.0" encoding="UTF-8"?>
<testsuite xmlns:xsi="http://www.w3.org/2001/XMLSchema-instance" xsi:noNamespaceSchemaLocation="https://maven.apache.org/surefire/maven-surefire-plugin/xsd/surefire-test-report-3.0.xsd" version="3.0" name="com.aibrief.service.BriefingServiceTest" time="0.224" tests="8" errors="0" skipped="0" failures="0">
  <properties>
[...]
</properties>
  <testcase name="generate_maxItemsTruncated" classname="com.aibrief.service.BriefingServiceTest" time="0.193"/>
  <testcase name="generate_allSourcesFail_statusFailed" classname="com.aibrief.service.BriefingServiceTest" time="0.001"/>
  <testcase name="generate_disabledSource_skipped" classname="com.aibrief.service.BriefingServiceTest" time="0.01"/>
  <testcase name="generate_someSourcesFail_statusPartial" classname="com.aibrief.service.BriefingServiceTest" time="0.002"/>
  <testcase name="generate_allSourcesSuccess_statusDone" classname="com.aibrief.service.BriefingServiceTest" time="0.003"/>
  <testcase name="generate_existingFailed_regenerates" classname="com.aibrief.service.BriefingServiceTest" time="0.003"/>
  <testcase name="generate_existingGenerating_skips" classname="com.aibrief.service.BriefingServiceTest" time="0.002">
    <system-out><![CDATA[2026-05-12T17:45:42.295+08:00  INFO 37872 --- [           main] com.aibrief.service.BriefingService      : Briefing for 2026-05-12 already exists with status GENERATING, skipping
]]></system-out>
  </testcase>
  <testcase name="generate_existingDone_skips" classname="com.aibrief.service.BriefingServiceTest" time="0.004">
    <system-out><![CDATA[2026-05-12T17:45:42.298+08:00  INFO 37872 --- [           main] com.aibrief.service.BriefingService      : Briefing for 2026-05-12 already exists with status DONE, skipping
]]></system-out>
  </testcase>
</testsuite>